[2024-08-26 18:12:29] local.ERROR: View [welcome] not found. {"exception":"[object] (InvalidArgumentException(code: 0): View [welcome] not found. at /Users/josebm/Desktop/projects/Juan Pablo de la Torre Valdez/Laravel/quiosco/laravel-quiosco/vendor/laravel/framework/src/Illuminate/View/FileViewFinder.php:139)
[stacktrace]
#0 /Users/josebm/Desktop/projects/Juan Pablo de la Torre Valdez/Laravel/quiosco/laravel-quiosco/vendor/laravel/framework/src/Illuminate/View/FileViewFinder.php(79): Illuminate\\View\\FileViewFinder->findInPaths('welcome', Array)
#1 /Users/josebm/Desktop/projects/Juan Pablo de la Torre Valdez/Laravel/quiosco/laravel-quiosco/vendor/laravel/framework/src/Illuminate/View/Factory.php(151): Illuminate\\View\\FileViewFinder->find('welcome')
#2 /Users/josebm/Desktop/projects/Juan Pablo de la Torre Valdez/Laravel/quiosco/laravel-quiosco/vendor/laravel/framework/src/Illuminate/Foundation/helpers.php(1047): Illuminate\\View\\Factory->make('welcome', Array, Array)
#3 laravel-serializable-closure://function () {
    return \\view('welcome');
}(3): view('welcome')
#4 /Users/josebm/Desktop/projects/Juan Pablo de la Torre Valdez/Laravel/quiosco/laravel-quiosco/vendor/laravel/framework/src/Illuminate/Routing/CallableDispatcher.php(40): Illuminate\\Routing\\RouteFileRegistrar::{closure}()
#5 /Users/josebm/Desktop/projects/Juan Pablo de la Torre Valdez/Laravel/quiosco/laravel-quiosco/vendor/laravel/framework/src/Illuminate/Routing/Route.php(238): Illuminate\\Routing\\CallableDispatcher->dispatch(Object(Illuminate\\Routing\\Route), Object(Closure))
#6 /Users/josebm/Desktop/projects/Juan Pablo de la Torre Valdez/Laravel/quiosco/laravel-quiosco/vendor/laravel/framework/src/Illuminate/Routing/Route.php(209): Illuminate\\Routing\\Route->runCallable()
#7 /Users/josebm/Desktop/projects/Juan Pablo de la Torre Valdez/Laravel/quiosco/laravel-quiosco/vendor/laravel/framework/src/Illuminate/Routing/Router.php(808): Illuminate\\Routing\\Route->run()
#8 /Users/josebm/Desktop/projects/Juan Pablo de la Torre Valdez/Laravel/quiosco/laravel-quiosco/vendor/laravel/framework/src/Illuminate/Pipeline/Pipeline.php(144): Illuminate\\Routing\\Router->Illuminate\\Routing\\{closure}(Object(Illuminate\\Http\\Request))
#9 /Users/josebm/Desktop/projects/Juan Pablo de la Torre Valdez/Laravel/quiosco/laravel-quiosco/vendor/laravel/framework/src/Illuminate/Routing/Middleware/SubstituteBindings.php(51): Illuminate\\Pipeline\\Pipeline->Illuminate\\Pipeline\\{closure}(Object(Illuminate\\Http\\Request))
#10 /Users/josebm/Desktop/projects/Juan Pablo de la Torre Valdez/Laravel/quiosco/laravel-quiosco/vendor/laravel/framework/src/Illuminate/Pipeline/Pipeline.php(183): Illuminate\\Routing\\Middleware\\SubstituteBindings->handle(Object(Illuminate\\Http\\Request), Object(Closure))
#11 /Users/josebm/Desktop/projects/Juan Pablo de la Torre Valdez/Laravel/quiosco/laravel-quiosco/vendor/laravel/framework/src/Illuminate/Foundation/Http/Middleware/VerifyCsrfToken.php(88): Illuminate\\Pipeline\\Pipeline->Illuminate\\Pipeline\\{closure}(Object(Illuminate\\Http\\Request))
#12 /Users/josebm/Desktop/projects/Juan Pablo de la Torre Valdez/Laravel/quiosco/laravel-quiosco/vendor/laravel/framework/src/Illuminate/Pipeline/Pipeline.php(183): Illuminate\\Foundation\\Http\\Middleware\\VerifyCsrfToken->handle(Object(Illuminate\\Http\\Request), Object(Closure))
#13 /Users/josebm/Desktop/projects/Juan Pablo de la Torre Valdez/Laravel/quiosco/laravel-quiosco/vendor/laravel/framework/src/Illuminate/View/Middleware/ShareErrorsFromSession.php(49): Illuminate\\Pipeline\\Pipeline->Illuminate\\Pipeline\\{closure}(Object(Illuminate\\Http\\Request))
#14 /Users/josebm/Desktop/projects/Juan Pablo de la Torre Valdez/Laravel/quiosco/laravel-quiosco/vendor/laravel/framework/src/Illuminate/Pipeline/Pipeline.php(183): Illuminate\\View\\Middleware\\ShareErrorsFromSession->handle(Object(Illuminate\\Http\\Request), Object(Closure))
#15 /Users/josebm/Desktop/projects/Juan Pablo de la Torre Valdez/Laravel/quiosco/laravel-quiosco/vendor/laravel/framework/src/Illuminate/Session/Middleware/StartSession.php(121): Illuminate\\Pipeline\\Pipeline->Illuminate\\Pipeline\\{closure}(Object(Illuminate\\Http\\Request))
#16 /Users/josebm/Desktop/projects/Juan Pablo de la Torre Valdez/Laravel/quiosco/laravel-quiosco/vendor/laravel/framework/src/Illuminate/Session/Middleware/StartSession.php(64): Illuminate\\Session\\Middleware\\StartSession->handleStatefulRequest(Object(Illuminate\\Http\\Request), Object(Illuminate\\Session\\Store), Object(Closure))
#17 /Users/josebm/Desktop/projects/Juan Pablo de la Torre Valdez/Laravel/quiosco/laravel-quiosco/vendor/laravel/framework/src/Illuminate/Pipeline/Pipeline.php(183): Illuminate\\Session\\Middleware\\StartSession->handle(Object(Illuminate\\Http\\Request), Object(Closure))
#18 /Users/josebm/Desktop/projects/Juan Pablo de la Torre Valdez/Laravel/quiosco/laravel-quiosco/vendor/laravel/framework/src/Illuminate/Cookie/Middleware/AddQueuedCookiesToResponse.php(37): Illuminate\\Pipeline\\Pipeline->Illuminate\\Pipeline\\{closure}(Object(Illuminate\\Http\\Request))
#19 /Users/josebm/Desktop/projects/Juan Pablo de la Torre Valdez/Laravel/quiosco/laravel-quiosco/vendor/laravel/framework/src/Illuminate/Pipeline/Pipeline.php(183): Illuminate\\Cookie\\Middleware\\AddQueuedCookiesToResponse->handle(Object(Illuminate\\Http\\Request), Object(Closure))
#20 /Users/josebm/Desktop/projects/Juan Pablo de la Torre Valdez/Laravel/quiosco/laravel-quiosco/vendor/laravel/framework/src/Illuminate/Cookie/Middleware/EncryptCookies.php(75): Illuminate\\Pipeline\\Pipeline->Illuminate\\Pipeline\\{closure}(Object(Illuminate\\Http\\Request))
#21 /Users/josebm/Desktop/projects/Juan Pablo de la Torre Valdez/Laravel/quiosco/laravel-quiosco/vendor/laravel/framework/src/Illuminate/Pipeline/Pipeline.php(183): Illuminate\\Cookie\\Middleware\\EncryptCookies->handle(Object(Illuminate\\Http\\Request), Object(Closure))
#22 /Users/josebm/Desktop/projects/Juan Pablo de la Torre Valdez/Laravel/quiosco/laravel-quiosco/vendor/laravel/framework/src/Illuminate/Pipeline/Pipeline.php(119): Illuminate\\Pipeline\\Pipeline->Illuminate\\Pipeline\\{closure}(Object(Illuminate\\Http\\Request))
#23 /Users/josebm/Desktop/projects/Juan Pablo de la Torre Valdez/Laravel/quiosco/laravel-quiosco/vendor/laravel/framework/src/Illuminate/Routing/Router.php(807): Illuminate\\Pipeline\\Pipeline->then(Object(Closure))
#24 /Users/josebm/Desktop/projects/Juan Pablo de la Torre Valdez/Laravel/quiosco/laravel-quiosco/vendor/laravel/framework/src/Illuminate/Routing/Router.php(786): Illuminate\\Routing\\Router->runRouteWithinStack(Object(Illuminate\\Routing\\Route), Object(Illuminate\\Http\\Request))
#25 /Users/josebm/Desktop/projects/Juan Pablo de la Torre Valdez/Laravel/quiosco/laravel-quiosco/vendor/laravel/framework/src/Illuminate/Routing/Router.php(750): Illuminate\\Routing\\Router->runRoute(Object(Illuminate\\Http\\Request), Object(Illuminate\\Routing\\Route))
#26 /Users/josebm/Desktop/projects/Juan Pablo de la Torre Valdez/Laravel/quiosco/laravel-quiosco/vendor/laravel/framework/src/Illuminate/Routing/Router.php(739): Illuminate\\Routing\\Router->dispatchToRoute(Object(Illuminate\\Http\\Request))
#27 /Users/josebm/Desktop/projects/Juan Pablo de la Torre Valdez/Laravel/quiosco/laravel-quiosco/vendor/laravel/framework/src/Illuminate/Foundation/Http/Kernel.php(201): Illuminate\\Routing\\Router->dispatch(Object(Illuminate\\Http\\Request))
#28 /Users/josebm/Desktop/projects/Juan Pablo de la Torre Valdez/Laravel/quiosco/laravel-quiosco/vendor/laravel/framework/src/Illuminate/Pipeline/Pipeline.php(144): Illuminate\\Foundation\\Http\\Kernel->Illuminate\\Foundation\\Http\\{closure}(Object(Illuminate\\Http\\Request))
#29 /Users/josebm/Desktop/projects/Juan Pablo de la Torre Valdez/Laravel/quiosco/laravel-quiosco/vendor/laravel/framework/src/Illuminate/Foundation/Http/Middleware/TransformsRequest.php(21): Illuminate\\Pipeline\\Pipeline->Illuminate\\Pipeline\\{closure}(Object(Illuminate\\Http\\Request))
#30 /Users/josebm/Desktop/projects/Juan Pablo de la Torre Valdez/Laravel/quiosco/laravel-quiosco/vendor/laravel/framework/src/Illuminate/Foundation/Http/Middleware/ConvertEmptyStringsToNull.php(31): Illuminate\\Foundation\\Http\\Middleware\\TransformsRequest->handle(Object(Illuminate\\Http\\Request), Object(Closure))
#31 /Users/josebm/Desktop/projects/Juan Pablo de la Torre Valdez/Laravel/quiosco/laravel-quiosco/vendor/laravel/framework/src/Illuminate/Pipeline/Pipeline.php(183): Illuminate\\Foundation\\Http\\Middleware\\ConvertEmptyStringsToNull->handle(Object(Illuminate\\Http\\Request), Object(Closure))
#32 /Users/josebm/Desktop/projects/Juan Pablo de la Torre Valdez/Laravel/quiosco/laravel-quiosco/vendor/laravel/framework/src/Illuminate/Foundation/Http/Middleware/TransformsRequest.php(21): Illuminate\\Pipeline\\Pipeline->Illuminate\\Pipeline\\{closure}(Object(Illuminate\\Http\\Request))
#33 /Users/josebm/Desktop/projects/Juan Pablo de la Torre Valdez/Laravel/quiosco/laravel-quiosco/vendor/laravel/framework/src/Illuminate/Foundation/Http/Middleware/TrimStrings.php(51): Illuminate\\Foundation\\Http\\Middleware\\TransformsRequest->handle(Object(Illuminate\\Http\\Request), Object(Closure))
#34 /Users/josebm/Desktop/projects/Juan Pablo de la Torre Valdez/Laravel/quiosco/laravel-quiosco/vendor/laravel/framework/src/Illuminate/Pipeline/Pipeline.php(183): Illuminate\\Foundation\\Http\\Middleware\\TrimStrings->handle(Object(Illuminate\\Http\\Request), Object(Closure))
#35 /Users/josebm/Desktop/projects/Juan Pablo de la Torre Valdez/Laravel/quiosco/laravel-quiosco/vendor/laravel/framework/src/Illuminate/Http/Middleware/ValidatePostSize.php(27): Illuminate\\Pipeline\\Pipeline->Illuminate\\Pipeline\\{closure}(Object(Illuminate\\Http\\Request))
#36 /Users/josebm/Desktop/projects/Juan Pablo de la Torre Valdez/Laravel/quiosco/laravel-quiosco/vendor/laravel/framework/src/Illuminate/Pipeline/Pipeline.php(183): Illuminate\\Http\\Middleware\\ValidatePostSize->handle(Object(Illuminate\\Http\\Request), Object(Closure))
#37 /Users/josebm/Desktop/projects/Juan Pablo de la Torre Valdez/Laravel/quiosco/laravel-quiosco/vendor/laravel/framework/src/Illuminate/Foundation/Http/Middleware/PreventRequestsDuringMaintenance.php(110): Illuminate\\Pipeline\\Pipeline->Illuminate\\Pipeline\\{closure}(Object(Illuminate\\Http\\Request))
#38 /Users/josebm/Desktop/projects/Juan Pablo de la Torre Valdez/Laravel/quiosco/laravel-quiosco/vendor/laravel/framework/src/Illuminate/Pipeline/Pipeline.php(183): Illuminate\\Foundation\\Http\\Middleware\\PreventRequestsDuringMaintenance->handle(Object(Illuminate\\Http\\Request), Object(Closure))
#39 /Users/josebm/Desktop/projects/Juan Pablo de la Torre Valdez/Laravel/quiosco/laravel-quiosco/vendor/laravel/framework/src/Illuminate/Http/Middleware/HandleCors.php(49): Illuminate\\Pipeline\\Pipeline->Illuminate\\Pipeline\\{closure}(Object(Illuminate\\Http\\Request))
#40 /Users/josebm/Desktop/projects/Juan Pablo de la Torre Valdez/Laravel/quiosco/laravel-quiosco/vendor/laravel/framework/src/Illuminate/Pipeline/Pipeline.php(183): Illuminate\\Http\\Middleware\\HandleCors->handle(Object(Illuminate\\Http\\Request), Object(Closure))
#41 /Users/josebm/Desktop/projects/Juan Pablo de la Torre Valdez/Laravel/quiosco/laravel-quiosco/vendor/laravel/framework/src/Illuminate/Http/Middleware/TrustProxies.php(57): Illuminate\\Pipeline\\Pipeline->Illuminate\\Pipeline\\{closure}(Object(Illuminate\\Http\\Request))
#42 /Users/josebm/Desktop/projects/Juan Pablo de la Torre Valdez/Laravel/quiosco/laravel-quiosco/vendor/laravel/framework/src/Illuminate/Pipeline/Pipeline.php(183): Illuminate\\Http\\Middleware\\TrustProxies->handle(Object(Illuminate\\Http\\Request), Object(Closure))
#43 /Users/josebm/Desktop/projects/Juan Pablo de la Torre Valdez/Laravel/quiosco/laravel-quiosco/vendor/laravel/framework/src/Illuminate/Pipeline/Pipeline.php(119): Illuminate\\Pipeline\\Pipeline->Illuminate\\Pipeline\\{closure}(Object(Illuminate\\Http\\Request))
#44 /Users/josebm/Desktop/projects/Juan Pablo de la Torre Valdez/Laravel/quiosco/laravel-quiosco/vendor/laravel/framework/src/Illuminate/Foundation/Http/Kernel.php(176): Illuminate\\Pipeline\\Pipeline->then(Object(Closure))
#45 /Users/josebm/Desktop/projects/Juan Pablo de la Torre Valdez/Laravel/quiosco/laravel-quiosco/vendor/laravel/framework/src/Illuminate/Foundation/Http/Kernel.php(145): Illuminate\\Foundation\\Http\\Kernel->sendRequestThroughRouter(Object(Illuminate\\Http\\Request))
#46 /Users/josebm/Desktop/projects/Juan Pablo de la Torre Valdez/Laravel/quiosco/laravel-quiosco/vendor/laravel/framework/src/Illuminate/Foundation/Application.php(1188): Illuminate\\Foundation\\Http\\Kernel->handle(Object(Illuminate\\Http\\Request))
#47 /Users/josebm/Desktop/projects/Juan Pablo de la Torre Valdez/Laravel/quiosco/laravel-quiosco/public/index.php(17): Illuminate\\Foundation\\Application->handleRequest(Object(Illuminate\\Http\\Request))
#48 /Users/josebm/Desktop/projects/Juan Pablo de la Torre Valdez/Laravel/quiosco/laravel-quiosco/vendor/laravel/framework/src/Illuminate/Foundation/resources/server.php(23): require_once('/Users/josebm/D...')
#49 {main}
"} 
[2024-09-02 18:35:06] local.ERROR: View [welcome] not found. {"exception":"[object] (InvalidArgumentException(code: 0): View [welcome] not found. at /Users/josebm/Desktop/projects/Juan Pablo de la Torre Valdez/Laravel/quiosco/laravel-quiosco/vendor/laravel/framework/src/Illuminate/View/FileViewFinder.php:139)
[stacktrace]
#0 /Users/josebm/Desktop/projects/Juan Pablo de la Torre Valdez/Laravel/quiosco/laravel-quiosco/vendor/laravel/framework/src/Illuminate/View/FileViewFinder.php(79): Illuminate\\View\\FileViewFinder->findInPaths('welcome', Array)
#1 /Users/josebm/Desktop/projects/Juan Pablo de la Torre Valdez/Laravel/quiosco/laravel-quiosco/vendor/laravel/framework/src/Illuminate/View/Factory.php(151): Illuminate\\View\\FileViewFinder->find('welcome')
#2 /Users/josebm/Desktop/projects/Juan Pablo de la Torre Valdez/Laravel/quiosco/laravel-quiosco/vendor/laravel/framework/src/Illuminate/Foundation/helpers.php(1047): Illuminate\\View\\Factory->make('welcome', Array, Array)
#3 laravel-serializable-closure://function () {
    return \\view('welcome');
}(3): view('welcome')
#4 /Users/josebm/Desktop/projects/Juan Pablo de la Torre Valdez/Laravel/quiosco/laravel-quiosco/vendor/laravel/framework/src/Illuminate/Routing/CallableDispatcher.php(40): Illuminate\\Routing\\RouteFileRegistrar::{closure}()
#5 /Users/josebm/Desktop/projects/Juan Pablo de la Torre Valdez/Laravel/quiosco/laravel-quiosco/vendor/laravel/framework/src/Illuminate/Routing/Route.php(238): Illuminate\\Routing\\CallableDispatcher->dispatch(Object(Illuminate\\Routing\\Route), Object(Closure))
#6 /Users/josebm/Desktop/projects/Juan Pablo de la Torre Valdez/Laravel/quiosco/laravel-quiosco/vendor/laravel/framework/src/Illuminate/Routing/Route.php(209): Illuminate\\Routing\\Route->runCallable()
#7 /Users/josebm/Desktop/projects/Juan Pablo de la Torre Valdez/Laravel/quiosco/laravel-quiosco/vendor/laravel/framework/src/Illuminate/Routing/Router.php(808): Illuminate\\Routing\\Route->run()
#8 /Users/josebm/Desktop/projects/Juan Pablo de la Torre Valdez/Laravel/quiosco/laravel-quiosco/vendor/laravel/framework/src/Illuminate/Pipeline/Pipeline.php(144): Illuminate\\Routing\\Router->Illuminate\\Routing\\{closure}(Object(Illuminate\\Http\\Request))
#9 /Users/josebm/Desktop/projects/Juan Pablo de la Torre Valdez/Laravel/quiosco/laravel-quiosco/vendor/laravel/framework/src/Illuminate/Routing/Middleware/SubstituteBindings.php(51): Illuminate\\Pipeline\\Pipeline->Illuminate\\Pipeline\\{closure}(Object(Illuminate\\Http\\Request))
#10 /Users/josebm/Desktop/projects/Juan Pablo de la Torre Valdez/Laravel/quiosco/laravel-quiosco/vendor/laravel/framework/src/Illuminate/Pipeline/Pipeline.php(183): Illuminate\\Routing\\Middleware\\SubstituteBindings->handle(Object(Illuminate\\Http\\Request), Object(Closure))
#11 /Users/josebm/Desktop/projects/Juan Pablo de la Torre Valdez/Laravel/quiosco/laravel-quiosco/vendor/laravel/framework/src/Illuminate/Foundation/Http/Middleware/VerifyCsrfToken.php(88): Illuminate\\Pipeline\\Pipeline->Illuminate\\Pipeline\\{closure}(Object(Illuminate\\Http\\Request))
#12 /Users/josebm/Desktop/projects/Juan Pablo de la Torre Valdez/Laravel/quiosco/laravel-quiosco/vendor/laravel/framework/src/Illuminate/Pipeline/Pipeline.php(183): Illuminate\\Foundation\\Http\\Middleware\\VerifyCsrfToken->handle(Object(Illuminate\\Http\\Request), Object(Closure))
#13 /Users/josebm/Desktop/projects/Juan Pablo de la Torre Valdez/Laravel/quiosco/laravel-quiosco/vendor/laravel/framework/src/Illuminate/View/Middleware/ShareErrorsFromSession.php(49): Illuminate\\Pipeline\\Pipeline->Illuminate\\Pipeline\\{closure}(Object(Illuminate\\Http\\Request))
#14 /Users/josebm/Desktop/projects/Juan Pablo de la Torre Valdez/Laravel/quiosco/laravel-quiosco/vendor/laravel/framework/src/Illuminate/Pipeline/Pipeline.php(183): Illuminate\\View\\Middleware\\ShareErrorsFromSession->handle(Object(Illuminate\\Http\\Request), Object(Closure))
#15 /Users/josebm/Desktop/projects/Juan Pablo de la Torre Valdez/Laravel/quiosco/laravel-quiosco/vendor/laravel/framework/src/Illuminate/Session/Middleware/StartSession.php(121): Illuminate\\Pipeline\\Pipeline->Illuminate\\Pipeline\\{closure}(Object(Illuminate\\Http\\Request))
#16 /Users/josebm/Desktop/projects/Juan Pablo de la Torre Valdez/Laravel/quiosco/laravel-quiosco/vendor/laravel/framework/src/Illuminate/Session/Middleware/StartSession.php(64): Illuminate\\Session\\Middleware\\StartSession->handleStatefulRequest(Object(Illuminate\\Http\\Request), Object(Illuminate\\Session\\Store), Object(Closure))
#17 /Users/josebm/Desktop/projects/Juan Pablo de la Torre Valdez/Laravel/quiosco/laravel-quiosco/vendor/laravel/framework/src/Illuminate/Pipeline/Pipeline.php(183): Illuminate\\Session\\Middleware\\StartSession->handle(Object(Illuminate\\Http\\Request), Object(Closure))
#18 /Users/josebm/Desktop/projects/Juan Pablo de la Torre Valdez/Laravel/quiosco/laravel-quiosco/vendor/laravel/framework/src/Illuminate/Cookie/Middleware/AddQueuedCookiesToResponse.php(37): Illuminate\\Pipeline\\Pipeline->Illuminate\\Pipeline\\{closure}(Object(Illuminate\\Http\\Request))
#19 /Users/josebm/Desktop/projects/Juan Pablo de la Torre Valdez/Laravel/quiosco/laravel-quiosco/vendor/laravel/framework/src/Illuminate/Pipeline/Pipeline.php(183): Illuminate\\Cookie\\Middleware\\AddQueuedCookiesToResponse->handle(Object(Illuminate\\Http\\Request), Object(Closure))
#20 /Users/josebm/Desktop/projects/Juan Pablo de la Torre Valdez/Laravel/quiosco/laravel-quiosco/vendor/laravel/framework/src/Illuminate/Cookie/Middleware/EncryptCookies.php(75): Illuminate\\Pipeline\\Pipeline->Illuminate\\Pipeline\\{closure}(Object(Illuminate\\Http\\Request))
#21 /Users/josebm/Desktop/projects/Juan Pablo de la Torre Valdez/Laravel/quiosco/laravel-quiosco/vendor/laravel/framework/src/Illuminate/Pipeline/Pipeline.php(183): Illuminate\\Cookie\\Middleware\\EncryptCookies->handle(Object(Illuminate\\Http\\Request), Object(Closure))
#22 /Users/josebm/Desktop/projects/Juan Pablo de la Torre Valdez/Laravel/quiosco/laravel-quiosco/vendor/laravel/framework/src/Illuminate/Pipeline/Pipeline.php(119): Illuminate\\Pipeline\\Pipeline->Illuminate\\Pipeline\\{closure}(Object(Illuminate\\Http\\Request))
#23 /Users/josebm/Desktop/projects/Juan Pablo de la Torre Valdez/Laravel/quiosco/laravel-quiosco/vendor/laravel/framework/src/Illuminate/Routing/Router.php(807): Illuminate\\Pipeline\\Pipeline->then(Object(Closure))
#24 /Users/josebm/Desktop/projects/Juan Pablo de la Torre Valdez/Laravel/quiosco/laravel-quiosco/vendor/laravel/framework/src/Illuminate/Routing/Router.php(786): Illuminate\\Routing\\Router->runRouteWithinStack(Object(Illuminate\\Routing\\Route), Object(Illuminate\\Http\\Request))
#25 /Users/josebm/Desktop/projects/Juan Pablo de la Torre Valdez/Laravel/quiosco/laravel-quiosco/vendor/laravel/framework/src/Illuminate/Routing/Router.php(750): Illuminate\\Routing\\Router->runRoute(Object(Illuminate\\Http\\Request), Object(Illuminate\\Routing\\Route))
#26 /Users/josebm/Desktop/projects/Juan Pablo de la Torre Valdez/Laravel/quiosco/laravel-quiosco/vendor/laravel/framework/src/Illuminate/Routing/Router.php(739): Illuminate\\Routing\\Router->dispatchToRoute(Object(Illuminate\\Http\\Request))
#27 /Users/josebm/Desktop/projects/Juan Pablo de la Torre Valdez/Laravel/quiosco/laravel-quiosco/vendor/laravel/framework/src/Illuminate/Foundation/Http/Kernel.php(201): Illuminate\\Routing\\Router->dispatch(Object(Illuminate\\Http\\Request))
#28 /Users/josebm/Desktop/projects/Juan Pablo de la Torre Valdez/Laravel/quiosco/laravel-quiosco/vendor/laravel/framework/src/Illuminate/Pipeline/Pipeline.php(144): Illuminate\\Foundation\\Http\\Kernel->Illuminate\\Foundation\\Http\\{closure}(Object(Illuminate\\Http\\Request))
#29 /Users/josebm/Desktop/projects/Juan Pablo de la Torre Valdez/Laravel/quiosco/laravel-quiosco/vendor/laravel/framework/src/Illuminate/Foundation/Http/Middleware/TransformsRequest.php(21): Illuminate\\Pipeline\\Pipeline->Illuminate\\Pipeline\\{closure}(Object(Illuminate\\Http\\Request))
#30 /Users/josebm/Desktop/projects/Juan Pablo de la Torre Valdez/Laravel/quiosco/laravel-quiosco/vendor/laravel/framework/src/Illuminate/Foundation/Http/Middleware/ConvertEmptyStringsToNull.php(31): Illuminate\\Foundation\\Http\\Middleware\\TransformsRequest->handle(Object(Illuminate\\Http\\Request), Object(Closure))
#31 /Users/josebm/Desktop/projects/Juan Pablo de la Torre Valdez/Laravel/quiosco/laravel-quiosco/vendor/laravel/framework/src/Illuminate/Pipeline/Pipeline.php(183): Illuminate\\Foundation\\Http\\Middleware\\ConvertEmptyStringsToNull->handle(Object(Illuminate\\Http\\Request), Object(Closure))
#32 /Users/josebm/Desktop/projects/Juan Pablo de la Torre Valdez/Laravel/quiosco/laravel-quiosco/vendor/laravel/framework/src/Illuminate/Foundation/Http/Middleware/TransformsRequest.php(21): Illuminate\\Pipeline\\Pipeline->Illuminate\\Pipeline\\{closure}(Object(Illuminate\\Http\\Request))
#33 /Users/josebm/Desktop/projects/Juan Pablo de la Torre Valdez/Laravel/quiosco/laravel-quiosco/vendor/laravel/framework/src/Illuminate/Foundation/Http/Middleware/TrimStrings.php(51): Illuminate\\Foundation\\Http\\Middleware\\TransformsRequest->handle(Object(Illuminate\\Http\\Request), Object(Closure))
#34 /Users/josebm/Desktop/projects/Juan Pablo de la Torre Valdez/Laravel/quiosco/laravel-quiosco/vendor/laravel/framework/src/Illuminate/Pipeline/Pipeline.php(183): Illuminate\\Foundation\\Http\\Middleware\\TrimStrings->handle(Object(Illuminate\\Http\\Request), Object(Closure))
#35 /Users/josebm/Desktop/projects/Juan Pablo de la Torre Valdez/Laravel/quiosco/laravel-quiosco/vendor/laravel/framework/src/Illuminate/Http/Middleware/ValidatePostSize.php(27): Illuminate\\Pipeline\\Pipeline->Illuminate\\Pipeline\\{closure}(Object(Illuminate\\Http\\Request))
#36 /Users/josebm/Desktop/projects/Juan Pablo de la Torre Valdez/Laravel/quiosco/laravel-quiosco/vendor/laravel/framework/src/Illuminate/Pipeline/Pipeline.php(183): Illuminate\\Http\\Middleware\\ValidatePostSize->handle(Object(Illuminate\\Http\\Request), Object(Closure))
#37 /Users/josebm/Desktop/projects/Juan Pablo de la Torre Valdez/Laravel/quiosco/laravel-quiosco/vendor/laravel/framework/src/Illuminate/Foundation/Http/Middleware/PreventRequestsDuringMaintenance.php(110): Illuminate\\Pipeline\\Pipeline->Illuminate\\Pipeline\\{closure}(Object(Illuminate\\Http\\Request))
#38 /Users/josebm/Desktop/projects/Juan Pablo de la Torre Valdez/Laravel/quiosco/laravel-quiosco/vendor/laravel/framework/src/Illuminate/Pipeline/Pipeline.php(183): Illuminate\\Foundation\\Http\\Middleware\\PreventRequestsDuringMaintenance->handle(Object(Illuminate\\Http\\Request), Object(Closure))
#39 /Users/josebm/Desktop/projects/Juan Pablo de la Torre Valdez/Laravel/quiosco/laravel-quiosco/vendor/laravel/framework/src/Illuminate/Http/Middleware/HandleCors.php(49): Illuminate\\Pipeline\\Pipeline->Illuminate\\Pipeline\\{closure}(Object(Illuminate\\Http\\Request))
#40 /Users/josebm/Desktop/projects/Juan Pablo de la Torre Valdez/Laravel/quiosco/laravel-quiosco/vendor/laravel/framework/src/Illuminate/Pipeline/Pipeline.php(183): Illuminate\\Http\\Middleware\\HandleCors->handle(Object(Illuminate\\Http\\Request), Object(Closure))
#41 /Users/josebm/Desktop/projects/Juan Pablo de la Torre Valdez/Laravel/quiosco/laravel-quiosco/vendor/laravel/framework/src/Illuminate/Http/Middleware/TrustProxies.php(57): Illuminate\\Pipeline\\Pipeline->Illuminate\\Pipeline\\{closure}(Object(Illuminate\\Http\\Request))
#42 /Users/josebm/Desktop/projects/Juan Pablo de la Torre Valdez/Laravel/quiosco/laravel-quiosco/vendor/laravel/framework/src/Illuminate/Pipeline/Pipeline.php(183): Illuminate\\Http\\Middleware\\TrustProxies->handle(Object(Illuminate\\Http\\Request), Object(Closure))
#43 /Users/josebm/Desktop/projects/Juan Pablo de la Torre Valdez/Laravel/quiosco/laravel-quiosco/vendor/laravel/framework/src/Illuminate/Pipeline/Pipeline.php(119): Illuminate\\Pipeline\\Pipeline->Illuminate\\Pipeline\\{closure}(Object(Illuminate\\Http\\Request))
#44 /Users/josebm/Desktop/projects/Juan Pablo de la Torre Valdez/Laravel/quiosco/laravel-quiosco/vendor/laravel/framework/src/Illuminate/Foundation/Http/Kernel.php(176): Illuminate\\Pipeline\\Pipeline->then(Object(Closure))
#45 /Users/josebm/Desktop/projects/Juan Pablo de la Torre Valdez/Laravel/quiosco/laravel-quiosco/vendor/laravel/framework/src/Illuminate/Foundation/Http/Kernel.php(145): Illuminate\\Foundation\\Http\\Kernel->sendRequestThroughRouter(Object(Illuminate\\Http\\Request))
#46 /Users/josebm/Desktop/projects/Juan Pablo de la Torre Valdez/Laravel/quiosco/laravel-quiosco/vendor/laravel/framework/src/Illuminate/Foundation/Application.php(1188): Illuminate\\Foundation\\Http\\Kernel->handle(Object(Illuminate\\Http\\Request))
#47 /Users/josebm/Desktop/projects/Juan Pablo de la Torre Valdez/Laravel/quiosco/laravel-quiosco/public/index.php(17): Illuminate\\Foundation\\Application->handleRequest(Object(Illuminate\\Http\\Request))
#48 /Users/josebm/Desktop/projects/Juan Pablo de la Torre Valdez/Laravel/quiosco/laravel-quiosco/vendor/laravel/framework/src/Illuminate/Foundation/resources/server.php(23): require_once('/Users/josebm/D...')
#49 {main}
"} 
[2024-09-18 22:41:11] local.ERROR: View [welcome] not found. {"exception":"[object] (InvalidArgumentException(code: 0): View [welcome] not found. at /Users/josebm/Desktop/projects/Juan Pablo de la Torre Valdez/Laravel/quiosco/laravel-quiosco/vendor/laravel/framework/src/Illuminate/View/FileViewFinder.php:139)
[stacktrace]
#0 /Users/josebm/Desktop/projects/Juan Pablo de la Torre Valdez/Laravel/quiosco/laravel-quiosco/vendor/laravel/framework/src/Illuminate/View/FileViewFinder.php(79): Illuminate\\View\\FileViewFinder->findInPaths('welcome', Array)
#1 /Users/josebm/Desktop/projects/Juan Pablo de la Torre Valdez/Laravel/quiosco/laravel-quiosco/vendor/laravel/framework/src/Illuminate/View/Factory.php(151): Illuminate\\View\\FileViewFinder->find('welcome')
#2 /Users/josebm/Desktop/projects/Juan Pablo de la Torre Valdez/Laravel/quiosco/laravel-quiosco/vendor/laravel/framework/src/Illuminate/Foundation/helpers.php(1047): Illuminate\\View\\Factory->make('welcome', Array, Array)
#3 laravel-serializable-closure://function () {
    return \\view('welcome');
}(3): view('welcome')
#4 /Users/josebm/Desktop/projects/Juan Pablo de la Torre Valdez/Laravel/quiosco/laravel-quiosco/vendor/laravel/framework/src/Illuminate/Routing/CallableDispatcher.php(40): Illuminate\\Routing\\RouteFileRegistrar::{closure}()
#5 /Users/josebm/Desktop/projects/Juan Pablo de la Torre Valdez/Laravel/quiosco/laravel-quiosco/vendor/laravel/framework/src/Illuminate/Routing/Route.php(238): Illuminate\\Routing\\CallableDispatcher->dispatch(Object(Illuminate\\Routing\\Route), Object(Closure))
#6 /Users/josebm/Desktop/projects/Juan Pablo de la Torre Valdez/Laravel/quiosco/laravel-quiosco/vendor/laravel/framework/src/Illuminate/Routing/Route.php(209): Illuminate\\Routing\\Route->runCallable()
#7 /Users/josebm/Desktop/projects/Juan Pablo de la Torre Valdez/Laravel/quiosco/laravel-quiosco/vendor/laravel/framework/src/Illuminate/Routing/Router.php(808): Illuminate\\Routing\\Route->run()
#8 /Users/josebm/Desktop/projects/Juan Pablo de la Torre Valdez/Laravel/quiosco/laravel-quiosco/vendor/laravel/framework/src/Illuminate/Pipeline/Pipeline.php(144): Illuminate\\Routing\\Router->Illuminate\\Routing\\{closure}(Object(Illuminate\\Http\\Request))
#9 /Users/josebm/Desktop/projects/Juan Pablo de la Torre Valdez/Laravel/quiosco/laravel-quiosco/vendor/laravel/framework/src/Illuminate/Routing/Middleware/SubstituteBindings.php(51): Illuminate\\Pipeline\\Pipeline->Illuminate\\Pipeline\\{closure}(Object(Illuminate\\Http\\Request))
#10 /Users/josebm/Desktop/projects/Juan Pablo de la Torre Valdez/Laravel/quiosco/laravel-quiosco/vendor/laravel/framework/src/Illuminate/Pipeline/Pipeline.php(183): Illuminate\\Routing\\Middleware\\SubstituteBindings->handle(Object(Illuminate\\Http\\Request), Object(Closure))
#11 /Users/josebm/Desktop/projects/Juan Pablo de la Torre Valdez/Laravel/quiosco/laravel-quiosco/vendor/laravel/framework/src/Illuminate/Foundation/Http/Middleware/VerifyCsrfToken.php(88): Illuminate\\Pipeline\\Pipeline->Illuminate\\Pipeline\\{closure}(Object(Illuminate\\Http\\Request))
#12 /Users/josebm/Desktop/projects/Juan Pablo de la Torre Valdez/Laravel/quiosco/laravel-quiosco/vendor/laravel/framework/src/Illuminate/Pipeline/Pipeline.php(183): Illuminate\\Foundation\\Http\\Middleware\\VerifyCsrfToken->handle(Object(Illuminate\\Http\\Request), Object(Closure))
#13 /Users/josebm/Desktop/projects/Juan Pablo de la Torre Valdez/Laravel/quiosco/laravel-quiosco/vendor/laravel/framework/src/Illuminate/View/Middleware/ShareErrorsFromSession.php(49): Illuminate\\Pipeline\\Pipeline->Illuminate\\Pipeline\\{closure}(Object(Illuminate\\Http\\Request))
#14 /Users/josebm/Desktop/projects/Juan Pablo de la Torre Valdez/Laravel/quiosco/laravel-quiosco/vendor/laravel/framework/src/Illuminate/Pipeline/Pipeline.php(183): Illuminate\\View\\Middleware\\ShareErrorsFromSession->handle(Object(Illuminate\\Http\\Request), Object(Closure))
#15 /Users/josebm/Desktop/projects/Juan Pablo de la Torre Valdez/Laravel/quiosco/laravel-quiosco/vendor/laravel/framework/src/Illuminate/Session/Middleware/StartSession.php(121): Illuminate\\Pipeline\\Pipeline->Illuminate\\Pipeline\\{closure}(Object(Illuminate\\Http\\Request))
#16 /Users/josebm/Desktop/projects/Juan Pablo de la Torre Valdez/Laravel/quiosco/laravel-quiosco/vendor/laravel/framework/src/Illuminate/Session/Middleware/StartSession.php(64): Illuminate\\Session\\Middleware\\StartSession->handleStatefulRequest(Object(Illuminate\\Http\\Request), Object(Illuminate\\Session\\Store), Object(Closure))
#17 /Users/josebm/Desktop/projects/Juan Pablo de la Torre Valdez/Laravel/quiosco/laravel-quiosco/vendor/laravel/framework/src/Illuminate/Pipeline/Pipeline.php(183): Illuminate\\Session\\Middleware\\StartSession->handle(Object(Illuminate\\Http\\Request), Object(Closure))
#18 /Users/josebm/Desktop/projects/Juan Pablo de la Torre Valdez/Laravel/quiosco/laravel-quiosco/vendor/laravel/framework/src/Illuminate/Cookie/Middleware/AddQueuedCookiesToResponse.php(37): Illuminate\\Pipeline\\Pipeline->Illuminate\\Pipeline\\{closure}(Object(Illuminate\\Http\\Request))
#19 /Users/josebm/Desktop/projects/Juan Pablo de la Torre Valdez/Laravel/quiosco/laravel-quiosco/vendor/laravel/framework/src/Illuminate/Pipeline/Pipeline.php(183): Illuminate\\Cookie\\Middleware\\AddQueuedCookiesToResponse->handle(Object(Illuminate\\Http\\Request), Object(Closure))
#20 /Users/josebm/Desktop/projects/Juan Pablo de la Torre Valdez/Laravel/quiosco/laravel-quiosco/vendor/laravel/framework/src/Illuminate/Cookie/Middleware/EncryptCookies.php(75): Illuminate\\Pipeline\\Pipeline->Illuminate\\Pipeline\\{closure}(Object(Illuminate\\Http\\Request))
#21 /Users/josebm/Desktop/projects/Juan Pablo de la Torre Valdez/Laravel/quiosco/laravel-quiosco/vendor/laravel/framework/src/Illuminate/Pipeline/Pipeline.php(183): Illuminate\\Cookie\\Middleware\\EncryptCookies->handle(Object(Illuminate\\Http\\Request), Object(Closure))
#22 /Users/josebm/Desktop/projects/Juan Pablo de la Torre Valdez/Laravel/quiosco/laravel-quiosco/vendor/laravel/framework/src/Illuminate/Pipeline/Pipeline.php(119): Illuminate\\Pipeline\\Pipeline->Illuminate\\Pipeline\\{closure}(Object(Illuminate\\Http\\Request))
#23 /Users/josebm/Desktop/projects/Juan Pablo de la Torre Valdez/Laravel/quiosco/laravel-quiosco/vendor/laravel/framework/src/Illuminate/Routing/Router.php(807): Illuminate\\Pipeline\\Pipeline->then(Object(Closure))
#24 /Users/josebm/Desktop/projects/Juan Pablo de la Torre Valdez/Laravel/quiosco/laravel-quiosco/vendor/laravel/framework/src/Illuminate/Routing/Router.php(786): Illuminate\\Routing\\Router->runRouteWithinStack(Object(Illuminate\\Routing\\Route), Object(Illuminate\\Http\\Request))
#25 /Users/josebm/Desktop/projects/Juan Pablo de la Torre Valdez/Laravel/quiosco/laravel-quiosco/vendor/laravel/framework/src/Illuminate/Routing/Router.php(750): Illuminate\\Routing\\Router->runRoute(Object(Illuminate\\Http\\Request), Object(Illuminate\\Routing\\Route))
#26 /Users/josebm/Desktop/projects/Juan Pablo de la Torre Valdez/Laravel/quiosco/laravel-quiosco/vendor/laravel/framework/src/Illuminate/Routing/Router.php(739): Illuminate\\Routing\\Router->dispatchToRoute(Object(Illuminate\\Http\\Request))
#27 /Users/josebm/Desktop/projects/Juan Pablo de la Torre Valdez/Laravel/quiosco/laravel-quiosco/vendor/laravel/framework/src/Illuminate/Foundation/Http/Kernel.php(201): Illuminate\\Routing\\Router->dispatch(Object(Illuminate\\Http\\Request))
#28 /Users/josebm/Desktop/projects/Juan Pablo de la Torre Valdez/Laravel/quiosco/laravel-quiosco/vendor/laravel/framework/src/Illuminate/Pipeline/Pipeline.php(144): Illuminate\\Foundation\\Http\\Kernel->Illuminate\\Foundation\\Http\\{closure}(Object(Illuminate\\Http\\Request))
#29 /Users/josebm/Desktop/projects/Juan Pablo de la Torre Valdez/Laravel/quiosco/laravel-quiosco/vendor/laravel/framework/src/Illuminate/Foundation/Http/Middleware/TransformsRequest.php(21): Illuminate\\Pipeline\\Pipeline->Illuminate\\Pipeline\\{closure}(Object(Illuminate\\Http\\Request))
#30 /Users/josebm/Desktop/projects/Juan Pablo de la Torre Valdez/Laravel/quiosco/laravel-quiosco/vendor/laravel/framework/src/Illuminate/Foundation/Http/Middleware/ConvertEmptyStringsToNull.php(31): Illuminate\\Foundation\\Http\\Middleware\\TransformsRequest->handle(Object(Illuminate\\Http\\Request), Object(Closure))
#31 /Users/josebm/Desktop/projects/Juan Pablo de la Torre Valdez/Laravel/quiosco/laravel-quiosco/vendor/laravel/framework/src/Illuminate/Pipeline/Pipeline.php(183): Illuminate\\Foundation\\Http\\Middleware\\ConvertEmptyStringsToNull->handle(Object(Illuminate\\Http\\Request), Object(Closure))
#32 /Users/josebm/Desktop/projects/Juan Pablo de la Torre Valdez/Laravel/quiosco/laravel-quiosco/vendor/laravel/framework/src/Illuminate/Foundation/Http/Middleware/TransformsRequest.php(21): Illuminate\\Pipeline\\Pipeline->Illuminate\\Pipeline\\{closure}(Object(Illuminate\\Http\\Request))
#33 /Users/josebm/Desktop/projects/Juan Pablo de la Torre Valdez/Laravel/quiosco/laravel-quiosco/vendor/laravel/framework/src/Illuminate/Foundation/Http/Middleware/TrimStrings.php(51): Illuminate\\Foundation\\Http\\Middleware\\TransformsRequest->handle(Object(Illuminate\\Http\\Request), Object(Closure))
#34 /Users/josebm/Desktop/projects/Juan Pablo de la Torre Valdez/Laravel/quiosco/laravel-quiosco/vendor/laravel/framework/src/Illuminate/Pipeline/Pipeline.php(183): Illuminate\\Foundation\\Http\\Middleware\\TrimStrings->handle(Object(Illuminate\\Http\\Request), Object(Closure))
#35 /Users/josebm/Desktop/projects/Juan Pablo de la Torre Valdez/Laravel/quiosco/laravel-quiosco/vendor/laravel/framework/src/Illuminate/Http/Middleware/ValidatePostSize.php(27): Illuminate\\Pipeline\\Pipeline->Illuminate\\Pipeline\\{closure}(Object(Illuminate\\Http\\Request))
#36 /Users/josebm/Desktop/projects/Juan Pablo de la Torre Valdez/Laravel/quiosco/laravel-quiosco/vendor/laravel/framework/src/Illuminate/Pipeline/Pipeline.php(183): Illuminate\\Http\\Middleware\\ValidatePostSize->handle(Object(Illuminate\\Http\\Request), Object(Closure))
#37 /Users/josebm/Desktop/projects/Juan Pablo de la Torre Valdez/Laravel/quiosco/laravel-quiosco/vendor/laravel/framework/src/Illuminate/Foundation/Http/Middleware/PreventRequestsDuringMaintenance.php(110): Illuminate\\Pipeline\\Pipeline->Illuminate\\Pipeline\\{closure}(Object(Illuminate\\Http\\Request))
#38 /Users/josebm/Desktop/projects/Juan Pablo de la Torre Valdez/Laravel/quiosco/laravel-quiosco/vendor/laravel/framework/src/Illuminate/Pipeline/Pipeline.php(183): Illuminate\\Foundation\\Http\\Middleware\\PreventRequestsDuringMaintenance->handle(Object(Illuminate\\Http\\Request), Object(Closure))
#39 /Users/josebm/Desktop/projects/Juan Pablo de la Torre Valdez/Laravel/quiosco/laravel-quiosco/vendor/laravel/framework/src/Illuminate/Http/Middleware/HandleCors.php(49): Illuminate\\Pipeline\\Pipeline->Illuminate\\Pipeline\\{closure}(Object(Illuminate\\Http\\Request))
#40 /Users/josebm/Desktop/projects/Juan Pablo de la Torre Valdez/Laravel/quiosco/laravel-quiosco/vendor/laravel/framework/src/Illuminate/Pipeline/Pipeline.php(183): Illuminate\\Http\\Middleware\\HandleCors->handle(Object(Illuminate\\Http\\Request), Object(Closure))
#41 /Users/josebm/Desktop/projects/Juan Pablo de la Torre Valdez/Laravel/quiosco/laravel-quiosco/vendor/laravel/framework/src/Illuminate/Http/Middleware/TrustProxies.php(57): Illuminate\\Pipeline\\Pipeline->Illuminate\\Pipeline\\{closure}(Object(Illuminate\\Http\\Request))
#42 /Users/josebm/Desktop/projects/Juan Pablo de la Torre Valdez/Laravel/quiosco/laravel-quiosco/vendor/laravel/framework/src/Illuminate/Pipeline/Pipeline.php(183): Illuminate\\Http\\Middleware\\TrustProxies->handle(Object(Illuminate\\Http\\Request), Object(Closure))
#43 /Users/josebm/Desktop/projects/Juan Pablo de la Torre Valdez/Laravel/quiosco/laravel-quiosco/vendor/laravel/framework/src/Illuminate/Pipeline/Pipeline.php(119): Illuminate\\Pipeline\\Pipeline->Illuminate\\Pipeline\\{closure}(Object(Illuminate\\Http\\Request))
#44 /Users/josebm/Desktop/projects/Juan Pablo de la Torre Valdez/Laravel/quiosco/laravel-quiosco/vendor/laravel/framework/src/Illuminate/Foundation/Http/Kernel.php(176): Illuminate\\Pipeline\\Pipeline->then(Object(Closure))
#45 /Users/josebm/Desktop/projects/Juan Pablo de la Torre Valdez/Laravel/quiosco/laravel-quiosco/vendor/laravel/framework/src/Illuminate/Foundation/Http/Kernel.php(145): Illuminate\\Foundation\\Http\\Kernel->sendRequestThroughRouter(Object(Illuminate\\Http\\Request))
#46 /Users/josebm/Desktop/projects/Juan Pablo de la Torre Valdez/Laravel/quiosco/laravel-quiosco/vendor/laravel/framework/src/Illuminate/Foundation/Application.php(1188): Illuminate\\Foundation\\Http\\Kernel->handle(Object(Illuminate\\Http\\Request))
#47 /Users/josebm/Desktop/projects/Juan Pablo de la Torre Valdez/Laravel/quiosco/laravel-quiosco/public/index.php(17): Illuminate\\Foundation\\Application->handleRequest(Object(Illuminate\\Http\\Request))
#48 /Users/josebm/Desktop/projects/Juan Pablo de la Torre Valdez/Laravel/quiosco/laravel-quiosco/vendor/laravel/framework/src/Illuminate/Foundation/resources/server.php(23): require_once('/Users/josebm/D...')
#49 {main}
"} 
[2024-09-18 22:41:30] local.ERROR: Command "optmize" is not defined.

Did you mean one of these?
    optimize
    optimize:clear {"exception":"[object] (Symfony\\Component\\Console\\Exception\\CommandNotFoundException(code: 0): Command \"optmize\" is not defined.

Did you mean one of these?
    optimize
    optimize:clear at /Users/josebm/Desktop/projects/Juan Pablo de la Torre Valdez/Laravel/quiosco/laravel-quiosco/vendor/symfony/console/Application.php:702)
[stacktrace]
#0 /Users/josebm/Desktop/projects/Juan Pablo de la Torre Valdez/Laravel/quiosco/laravel-quiosco/vendor/symfony/console/Application.php(258): Symfony\\Component\\Console\\Application->find('optmize')
#1 /Users/josebm/Desktop/projects/Juan Pablo de la Torre Valdez/Laravel/quiosco/laravel-quiosco/vendor/symfony/console/Application.php(167): Symfony\\Component\\Console\\Application->doRun(Object(Symfony\\Component\\Console\\Input\\ArgvInput), Object(Symfony\\Component\\Console\\Output\\ConsoleOutput))
#2 /Users/josebm/Desktop/projects/Juan Pablo de la Torre Valdez/Laravel/quiosco/laravel-quiosco/vendor/laravel/framework/src/Illuminate/Foundation/Console/Kernel.php(197): Symfony\\Component\\Console\\Application->run(Object(Symfony\\Component\\Console\\Input\\ArgvInput), Object(Symfony\\Component\\Console\\Output\\ConsoleOutput))
#3 /Users/josebm/Desktop/projects/Juan Pablo de la Torre Valdez/Laravel/quiosco/laravel-quiosco/vendor/laravel/framework/src/Illuminate/Foundation/Application.php(1203): Illuminate\\Foundation\\Console\\Kernel->handle(Object(Symfony\\Component\\Console\\Input\\ArgvInput), Object(Symfony\\Component\\Console\\Output\\ConsoleOutput))
#4 /Users/josebm/Desktop/projects/Juan Pablo de la Torre Valdez/Laravel/quiosco/laravel-quiosco/artisan(13): Illuminate\\Foundation\\Application->handleCommand(Object(Symfony\\Component\\Console\\Input\\ArgvInput))
#5 {main}
"} 
[2024-09-18 22:41:33] local.ERROR: The "/Users/josebm/Desktop/projects/Juan Pablo de la Torre Valdez/Laravel/quiosco/resources/views" directory does not exist. {"exception":"[object] (Symfony\\Component\\Finder\\Exception\\DirectoryNotFoundException(code: 0): The \"/Users/josebm/Desktop/projects/Juan Pablo de la Torre Valdez/Laravel/quiosco/resources/views\" directory does not exist. at /Users/josebm/Desktop/projects/Juan Pablo de la Torre Valdez/Laravel/quiosco/laravel-quiosco/vendor/symfony/finder/Finder.php:646)
[stacktrace]
#0 /Users/josebm/Desktop/projects/Juan Pablo de la Torre Valdez/Laravel/quiosco/laravel-quiosco/vendor/laravel/framework/src/Illuminate/Foundation/Console/ViewCacheCommand.php(88): Symfony\\Component\\Finder\\Finder->in(Array)
#1 /Users/josebm/Desktop/projects/Juan Pablo de la Torre Valdez/Laravel/quiosco/laravel-quiosco/vendor/laravel/framework/src/Illuminate/Foundation/Console/ViewCacheCommand.php(43): Illuminate\\Foundation\\Console\\ViewCacheCommand->bladeFilesIn(Array)
#2 /Users/josebm/Desktop/projects/Juan Pablo de la Torre Valdez/Laravel/quiosco/laravel-quiosco/vendor/laravel/framework/src/Illuminate/Collections/Traits/EnumeratesValues.php(257): Illuminate\\Foundation\\Console\\ViewCacheCommand->Illuminate\\Foundation\\Console\\{closure}('/Users/josebm/D...', 0)
#3 /Users/josebm/Desktop/projects/Juan Pablo de la Torre Valdez/Laravel/quiosco/laravel-quiosco/vendor/laravel/framework/src/Illuminate/Foundation/Console/ViewCacheCommand.php(38): Illuminate\\Support\\Collection->each(Object(Closure))
#4 /Users/josebm/Desktop/projects/Juan Pablo de la Torre Valdez/Laravel/quiosco/laravel-quiosco/vendor/laravel/framework/src/Illuminate/Container/BoundMethod.php(36): Illuminate\\Foundation\\Console\\ViewCacheCommand->handle()
#5 /Users/josebm/Desktop/projects/Juan Pablo de la Torre Valdez/Laravel/quiosco/laravel-quiosco/vendor/laravel/framework/src/Illuminate/Container/Util.php(43): Illuminate\\Container\\BoundMethod::Illuminate\\Container\\{closure}()
#6 /Users/josebm/Desktop/projects/Juan Pablo de la Torre Valdez/Laravel/quiosco/laravel-quiosco/vendor/laravel/framework/src/Illuminate/Container/BoundMethod.php(95): Illuminate\\Container\\Util::unwrapIfClosure(Object(Closure))
#7 /Users/josebm/Desktop/projects/Juan Pablo de la Torre Valdez/Laravel/quiosco/laravel-quiosco/vendor/laravel/framework/src/Illuminate/Container/BoundMethod.php(35): Illuminate\\Container\\BoundMethod::callBoundMethod(Object(Illuminate\\Foundation\\Application), Array, Object(Closure))
#8 /Users/josebm/Desktop/projects/Juan Pablo de la Torre Valdez/Laravel/quiosco/laravel-quiosco/vendor/laravel/framework/src/Illuminate/Container/Container.php(690): Illuminate\\Container\\BoundMethod::call(Object(Illuminate\\Foundation\\Application), Array, Array, NULL)
#9 /Users/josebm/Desktop/projects/Juan Pablo de la Torre Valdez/Laravel/quiosco/laravel-quiosco/vendor/laravel/framework/src/Illuminate/Console/Command.php(213): Illuminate\\Container\\Container->call(Array)
#10 /Users/josebm/Desktop/projects/Juan Pablo de la Torre Valdez/Laravel/quiosco/laravel-quiosco/vendor/symfony/console/Command/Command.php(279): Illuminate\\Console\\Command->execute(Object(Symfony\\Component\\Console\\Input\\ArrayInput), Object(Illuminate\\Console\\OutputStyle))
#11 /Users/josebm/Desktop/projects/Juan Pablo de la Torre Valdez/Laravel/quiosco/laravel-quiosco/vendor/laravel/framework/src/Illuminate/Console/Command.php(182): Symfony\\Component\\Console\\Command\\Command->run(Object(Symfony\\Component\\Console\\Input\\ArrayInput), Object(Illuminate\\Console\\OutputStyle))
#12 /Users/josebm/Desktop/projects/Juan Pablo de la Torre Valdez/Laravel/quiosco/laravel-quiosco/vendor/laravel/framework/src/Illuminate/Console/Concerns/CallsCommands.php(67): Illuminate\\Console\\Command->run(Object(Symfony\\Component\\Console\\Input\\ArrayInput), Object(Symfony\\Component\\Console\\Output\\NullOutput))
#13 /Users/josebm/Desktop/projects/Juan Pablo de la Torre Valdez/Laravel/quiosco/laravel-quiosco/vendor/laravel/framework/src/Illuminate/Console/Concerns/CallsCommands.php(40): Illuminate\\Console\\Command->runCommand('view:cache', Array, Object(Symfony\\Component\\Console\\Output\\NullOutput))
#14 /Users/josebm/Desktop/projects/Juan Pablo de la Torre Valdez/Laravel/quiosco/laravel-quiosco/vendor/laravel/framework/src/Illuminate/Foundation/Console/OptimizeCommand.php(38): Illuminate\\Console\\Command->callSilent('view:cache')
#15 /Users/josebm/Desktop/projects/Juan Pablo de la Torre Valdez/Laravel/quiosco/laravel-quiosco/vendor/laravel/framework/src/Illuminate/Console/View/Components/Task.php(40): Illuminate\\Foundation\\Console\\OptimizeCommand->Illuminate\\Foundation\\Console\\{closure}()
#16 /Users/josebm/Desktop/projects/Juan Pablo de la Torre Valdez/Laravel/quiosco/laravel-quiosco/vendor/laravel/framework/src/Illuminate/Console/View/Components/Factory.php(60): Illuminate\\Console\\View\\Components\\Task->render('views', Object(Closure))
#17 /Users/josebm/Desktop/projects/Juan Pablo de la Torre Valdez/Laravel/quiosco/laravel-quiosco/vendor/laravel/framework/src/Illuminate/Foundation/Console/OptimizeCommand.php(39): Illuminate\\Console\\View\\Components\\Factory->__call('task', Array)
#18 /Users/josebm/Desktop/projects/Juan Pablo de la Torre Valdez/Laravel/quiosco/laravel-quiosco/vendor/laravel/framework/src/Illuminate/Collections/Traits/EnumeratesValues.php(257): Illuminate\\Foundation\\Console\\OptimizeCommand->Illuminate\\Foundation\\Console\\{closure}(Object(Closure), 'views')
#19 /Users/josebm/Desktop/projects/Juan Pablo de la Torre Valdez/Laravel/quiosco/laravel-quiosco/vendor/laravel/framework/src/Illuminate/Foundation/Console/OptimizeCommand.php(39): Illuminate\\Support\\Collection->each(Object(Closure))
#20 /Users/josebm/Desktop/projects/Juan Pablo de la Torre Valdez/Laravel/quiosco/laravel-quiosco/vendor/laravel/framework/src/Illuminate/Container/BoundMethod.php(36): Illuminate\\Foundation\\Console\\OptimizeCommand->handle()
#21 /Users/josebm/Desktop/projects/Juan Pablo de la Torre Valdez/Laravel/quiosco/laravel-quiosco/vendor/laravel/framework/src/Illuminate/Container/Util.php(43): Illuminate\\Container\\BoundMethod::Illuminate\\Container\\{closure}()
#22 /Users/josebm/Desktop/projects/Juan Pablo de la Torre Valdez/Laravel/quiosco/laravel-quiosco/vendor/laravel/framework/src/Illuminate/Container/BoundMethod.php(95): Illuminate\\Container\\Util::unwrapIfClosure(Object(Closure))
#23 /Users/josebm/Desktop/projects/Juan Pablo de la Torre Valdez/Laravel/quiosco/laravel-quiosco/vendor/laravel/framework/src/Illuminate/Container/BoundMethod.php(35): Illuminate\\Container\\BoundMethod::callBoundMethod(Object(Illuminate\\Foundation\\Application), Array, Object(Closure))
#24 /Users/josebm/Desktop/projects/Juan Pablo de la Torre Valdez/Laravel/quiosco/laravel-quiosco/vendor/laravel/framework/src/Illuminate/Container/Container.php(690): Illuminate\\Container\\BoundMethod::call(Object(Illuminate\\Foundation\\Application), Array, Array, NULL)
#25 /Users/josebm/Desktop/projects/Juan Pablo de la Torre Valdez/Laravel/quiosco/laravel-quiosco/vendor/laravel/framework/src/Illuminate/Console/Command.php(213): Illuminate\\Container\\Container->call(Array)
#26 /Users/josebm/Desktop/projects/Juan Pablo de la Torre Valdez/Laravel/quiosco/laravel-quiosco/vendor/symfony/console/Command/Command.php(279): Illuminate\\Console\\Command->execute(Object(Symfony\\Component\\Console\\Input\\ArgvInput), Object(Illuminate\\Console\\OutputStyle))
#27 /Users/josebm/Desktop/projects/Juan Pablo de la Torre Valdez/Laravel/quiosco/laravel-quiosco/vendor/laravel/framework/src/Illuminate/Console/Command.php(182): Symfony\\Component\\Console\\Command\\Command->run(Object(Symfony\\Component\\Console\\Input\\ArgvInput), Object(Illuminate\\Console\\OutputStyle))
#28 /Users/josebm/Desktop/projects/Juan Pablo de la Torre Valdez/Laravel/quiosco/laravel-quiosco/vendor/symfony/console/Application.php(1047): Illuminate\\Console\\Command->run(Object(Symfony\\Component\\Console\\Input\\ArgvInput), Object(Symfony\\Component\\Console\\Output\\ConsoleOutput))
#29 /Users/josebm/Desktop/projects/Juan Pablo de la Torre Valdez/Laravel/quiosco/laravel-quiosco/vendor/symfony/console/Application.php(316): Symfony\\Component\\Console\\Application->doRunCommand(Object(Illuminate\\Foundation\\Console\\OptimizeCommand), Object(Symfony\\Component\\Console\\Input\\ArgvInput), Object(Symfony\\Component\\Console\\Output\\ConsoleOutput))
#30 /Users/josebm/Desktop/projects/Juan Pablo de la Torre Valdez/Laravel/quiosco/laravel-quiosco/vendor/symfony/console/Application.php(167): Symfony\\Component\\Console\\Application->doRun(Object(Symfony\\Component\\Console\\Input\\ArgvInput), Object(Symfony\\Component\\Console\\Output\\ConsoleOutput))
#31 /Users/josebm/Desktop/projects/Juan Pablo de la Torre Valdez/Laravel/quiosco/laravel-quiosco/vendor/laravel/framework/src/Illuminate/Foundation/Console/Kernel.php(197): Symfony\\Component\\Console\\Application->run(Object(Symfony\\Component\\Console\\Input\\ArgvInput), Object(Symfony\\Component\\Console\\Output\\ConsoleOutput))
#32 /Users/josebm/Desktop/projects/Juan Pablo de la Torre Valdez/Laravel/quiosco/laravel-quiosco/vendor/laravel/framework/src/Illuminate/Foundation/Application.php(1203): Illuminate\\Foundation\\Console\\Kernel->handle(Object(Symfony\\Component\\Console\\Input\\ArgvInput), Object(Symfony\\Component\\Console\\Output\\ConsoleOutput))
#33 /Users/josebm/Desktop/projects/Juan Pablo de la Torre Valdez/Laravel/quiosco/laravel-quiosco/artisan(13): Illuminate\\Foundation\\Application->handleCommand(Object(Symfony\\Component\\Console\\Input\\ArgvInput))
#34 {main}
"} 
